2023-02-08 19:11:45: Error: listen EADDRINUSE: address already in use :::3000
2023-02-08 19:11:45:     at Server.setupListenHandle [as _listen2] (node:net:1733:16)
2023-02-08 19:11:45:     at listenInCluster (node:net:1781:12)
2023-02-08 19:11:45:     at Server.listen (node:net:1869:7)
2023-02-08 19:11:45:     at Object.<anonymous> (D:\nodejs项目\admin_server\main.js:110:8)
2023-02-08 19:11:45:     at Module._compile (node:internal/modules/cjs/loader:1218:14)
2023-02-08 19:11:45:     at Module._extensions..js (node:internal/modules/cjs/loader:1272:10)
2023-02-08 19:11:45:     at Module.load (node:internal/modules/cjs/loader:1081:32)
2023-02-08 19:11:45:     at Module._load (node:internal/modules/cjs/loader:922:12)
2023-02-08 19:11:45:     at Module.require (node:internal/modules/cjs/loader:1105:19)
2023-02-08 19:11:45:     at Hook._require.Module.require (D:\nodejs\node_global\node_modules\pm2\node_modules\require-in-the-middle\index.js:101:39) {
2023-02-08 19:11:45:   code: 'EADDRINUSE',
2023-02-08 19:11:45:   errno: -4091,
2023-02-08 19:11:45:   syscall: 'listen',
2023-02-08 19:11:45:   address: '::',
2023-02-08 19:11:45:   port: 3000
2023-02-08 19:11:45: }
2023-02-08 19:11:45: Unable to listen on port 3000. The port is already in use.
2023-02-08 19:11:50: Error: listen EADDRINUSE: address already in use :::3000
2023-02-08 19:11:50:     at Server.setupListenHandle [as _listen2] (node:net:1733:16)
2023-02-08 19:11:50:     at listenInCluster (node:net:1781:12)
2023-02-08 19:11:50:     at Server.listen (node:net:1869:7)
2023-02-08 19:11:50:     at Object.<anonymous> (D:\nodejs项目\admin_server\main.js:110:8)
2023-02-08 19:11:50:     at Module._compile (node:internal/modules/cjs/loader:1218:14)
2023-02-08 19:11:50:     at Module._extensions..js (node:internal/modules/cjs/loader:1272:10)
2023-02-08 19:11:50:     at Module.load (node:internal/modules/cjs/loader:1081:32)
2023-02-08 19:11:50:     at Module._load (node:internal/modules/cjs/loader:922:12)
2023-02-08 19:11:50:     at Module.require (node:internal/modules/cjs/loader:1105:19)
2023-02-08 19:11:50:     at Hook._require.Module.require (D:\nodejs\node_global\node_modules\pm2\node_modules\require-in-the-middle\index.js:101:39) {
2023-02-08 19:11:50:   code: 'EADDRINUSE',
2023-02-08 19:11:50:   errno: -4091,
2023-02-08 19:11:50:   syscall: 'listen',
2023-02-08 19:11:50:   address: '::',
2023-02-08 19:11:50:   port: 3000
2023-02-08 19:11:50: }
2023-02-08 19:11:50: Unable to listen on port 3000. The port is already in use.
2023-02-08 19:11:54: Error: listen EADDRINUSE: address already in use :::3000
2023-02-08 19:11:54:     at Server.setupListenHandle [as _listen2] (node:net:1733:16)
2023-02-08 19:11:54:     at listenInCluster (node:net:1781:12)
2023-02-08 19:11:54:     at Server.listen (node:net:1869:7)
2023-02-08 19:11:54:     at Object.<anonymous> (D:\nodejs项目\admin_server\main.js:110:8)
2023-02-08 19:11:54:     at Module._compile (node:internal/modules/cjs/loader:1218:14)
2023-02-08 19:11:54:     at Module._extensions..js (node:internal/modules/cjs/loader:1272:10)
2023-02-08 19:11:54:     at Module.load (node:internal/modules/cjs/loader:1081:32)
2023-02-08 19:11:54:     at Module._load (node:internal/modules/cjs/loader:922:12)
2023-02-08 19:11:54:     at Module.require (node:internal/modules/cjs/loader:1105:19)
2023-02-08 19:11:54:     at Hook._require.Module.require (D:\nodejs\node_global\node_modules\pm2\node_modules\require-in-the-middle\index.js:101:39) {
2023-02-08 19:11:54:   code: 'EADDRINUSE',
2023-02-08 19:11:54:   errno: -4091,
2023-02-08 19:11:54:   syscall: 'listen',
2023-02-08 19:11:54:   address: '::',
2023-02-08 19:11:54:   port: 3000
2023-02-08 19:11:54: }
2023-02-08 19:11:54: Unable to listen on port 3000. The port is already in use.
2023-02-08 19:11:58: Error: listen EADDRINUSE: address already in use :::3000
2023-02-08 19:11:58:     at Server.setupListenHandle [as _listen2] (node:net:1733:16)
2023-02-08 19:11:58:     at listenInCluster (node:net:1781:12)
2023-02-08 19:11:58:     at Server.listen (node:net:1869:7)
2023-02-08 19:11:58:     at Object.<anonymous> (D:\nodejs项目\admin_server\main.js:110:8)
2023-02-08 19:11:58:     at Module._compile (node:internal/modules/cjs/loader:1218:14)
2023-02-08 19:11:58:     at Module._extensions..js (node:internal/modules/cjs/loader:1272:10)
2023-02-08 19:11:58:     at Module.load (node:internal/modules/cjs/loader:1081:32)
2023-02-08 19:11:58:     at Module._load (node:internal/modules/cjs/loader:922:12)
2023-02-08 19:11:58:     at Module.require (node:internal/modules/cjs/loader:1105:19)
2023-02-08 19:11:58:     at Hook._require.Module.require (D:\nodejs\node_global\node_modules\pm2\node_modules\require-in-the-middle\index.js:101:39) {
2023-02-08 19:11:58:   code: 'EADDRINUSE',
2023-02-08 19:11:58:   errno: -4091,
2023-02-08 19:11:58:   syscall: 'listen',
2023-02-08 19:11:58:   address: '::',
2023-02-08 19:11:58:   port: 3000
2023-02-08 19:11:58: }
2023-02-08 19:11:58: Unable to listen on port 3000. The port is already in use.
2023-02-08 19:12:02: Error: listen EADDRINUSE: address already in use :::3000
2023-02-08 19:12:02:     at Server.setupListenHandle [as _listen2] (node:net:1733:16)
2023-02-08 19:12:02:     at listenInCluster (node:net:1781:12)
2023-02-08 19:12:02:     at Server.listen (node:net:1869:7)
2023-02-08 19:12:02:     at Object.<anonymous> (D:\nodejs项目\admin_server\main.js:110:8)
2023-02-08 19:12:02:     at Module._compile (node:internal/modules/cjs/loader:1218:14)
2023-02-08 19:12:02:     at Module._extensions..js (node:internal/modules/cjs/loader:1272:10)
2023-02-08 19:12:02:     at Module.load (node:internal/modules/cjs/loader:1081:32)
2023-02-08 19:12:02:     at Module._load (node:internal/modules/cjs/loader:922:12)
2023-02-08 19:12:02:     at Module.require (node:internal/modules/cjs/loader:1105:19)
2023-02-08 19:12:02:     at Hook._require.Module.require (D:\nodejs\node_global\node_modules\pm2\node_modules\require-in-the-middle\index.js:101:39) {
2023-02-08 19:12:02:   code: 'EADDRINUSE',
2023-02-08 19:12:02:   errno: -4091,
2023-02-08 19:12:02:   syscall: 'listen',
2023-02-08 19:12:02:   address: '::',
2023-02-08 19:12:02:   port: 3000
2023-02-08 19:12:02: }
2023-02-08 19:12:02: Unable to listen on port 3000. The port is already in use.
2023-02-08 19:12:07: Error: listen EADDRINUSE: address already in use :::3000
2023-02-08 19:12:07:     at Server.setupListenHandle [as _listen2] (node:net:1733:16)
2023-02-08 19:12:07:     at listenInCluster (node:net:1781:12)
2023-02-08 19:12:07:     at Server.listen (node:net:1869:7)
2023-02-08 19:12:07:     at Object.<anonymous> (D:\nodejs项目\admin_server\main.js:110:8)
2023-02-08 19:12:07:     at Module._compile (node:internal/modules/cjs/loader:1218:14)
2023-02-08 19:12:07:     at Module._extensions..js (node:internal/modules/cjs/loader:1272:10)
2023-02-08 19:12:07:     at Module.load (node:internal/modules/cjs/loader:1081:32)
2023-02-08 19:12:07:     at Module._load (node:internal/modules/cjs/loader:922:12)
2023-02-08 19:12:07:     at Module.require (node:internal/modules/cjs/loader:1105:19)
2023-02-08 19:12:07:     at Hook._require.Module.require (D:\nodejs\node_global\node_modules\pm2\node_modules\require-in-the-middle\index.js:101:39) {
2023-02-08 19:12:07:   code: 'EADDRINUSE',
2023-02-08 19:12:07:   errno: -4091,
2023-02-08 19:12:07:   syscall: 'listen',
2023-02-08 19:12:07:   address: '::',
2023-02-08 19:12:07:   port: 3000
2023-02-08 19:12:07: }
2023-02-08 19:12:07: Unable to listen on port 3000. The port is already in use.
2023-02-08 19:12:11: Error: listen EADDRINUSE: address already in use :::3000
2023-02-08 19:12:11:     at Server.setupListenHandle [as _listen2] (node:net:1733:16)
2023-02-08 19:12:11:     at listenInCluster (node:net:1781:12)
2023-02-08 19:12:11:     at Server.listen (node:net:1869:7)
2023-02-08 19:12:11:     at Object.<anonymous> (D:\nodejs项目\admin_server\main.js:110:8)
2023-02-08 19:12:11:     at Module._compile (node:internal/modules/cjs/loader:1218:14)
2023-02-08 19:12:11:     at Module._extensions..js (node:internal/modules/cjs/loader:1272:10)
2023-02-08 19:12:11:     at Module.load (node:internal/modules/cjs/loader:1081:32)
2023-02-08 19:12:11:     at Module._load (node:internal/modules/cjs/loader:922:12)
2023-02-08 19:12:11:     at Module.require (node:internal/modules/cjs/loader:1105:19)
2023-02-08 19:12:11:     at Hook._require.Module.require (D:\nodejs\node_global\node_modules\pm2\node_modules\require-in-the-middle\index.js:101:39) {
2023-02-08 19:12:11:   code: 'EADDRINUSE',
2023-02-08 19:12:11:   errno: -4091,
2023-02-08 19:12:11:   syscall: 'listen',
2023-02-08 19:12:11:   address: '::',
2023-02-08 19:12:11:   port: 3000
2023-02-08 19:12:11: }
2023-02-08 19:12:11: Unable to listen on port 3000. The port is already in use.
2023-02-08 19:12:15: Error: listen EADDRINUSE: address already in use :::3000
2023-02-08 19:12:15:     at Server.setupListenHandle [as _listen2] (node:net:1733:16)
2023-02-08 19:12:15:     at listenInCluster (node:net:1781:12)
2023-02-08 19:12:15:     at Server.listen (node:net:1869:7)
2023-02-08 19:12:15:     at Object.<anonymous> (D:\nodejs项目\admin_server\main.js:110:8)
2023-02-08 19:12:15:     at Module._compile (node:internal/modules/cjs/loader:1218:14)
2023-02-08 19:12:15:     at Module._extensions..js (node:internal/modules/cjs/loader:1272:10)
2023-02-08 19:12:15:     at Module.load (node:internal/modules/cjs/loader:1081:32)
2023-02-08 19:12:15:     at Module._load (node:internal/modules/cjs/loader:922:12)
2023-02-08 19:12:15:     at Module.require (node:internal/modules/cjs/loader:1105:19)
2023-02-08 19:12:15:     at Hook._require.Module.require (D:\nodejs\node_global\node_modules\pm2\node_modules\require-in-the-middle\index.js:101:39) {
2023-02-08 19:12:15:   code: 'EADDRINUSE',
2023-02-08 19:12:15:   errno: -4091,
2023-02-08 19:12:15:   syscall: 'listen',
2023-02-08 19:12:15:   address: '::',
2023-02-08 19:12:15:   port: 3000
2023-02-08 19:12:15: }
2023-02-08 19:12:15: Unable to listen on port 3000. The port is already in use.
2023-02-08 19:12:19: Error: listen EADDRINUSE: address already in use :::3000
2023-02-08 19:12:19:     at Server.setupListenHandle [as _listen2] (node:net:1733:16)
2023-02-08 19:12:19:     at listenInCluster (node:net:1781:12)
2023-02-08 19:12:19:     at Server.listen (node:net:1869:7)
2023-02-08 19:12:19:     at Object.<anonymous> (D:\nodejs项目\admin_server\main.js:110:8)
2023-02-08 19:12:19:     at Module._compile (node:internal/modules/cjs/loader:1218:14)
2023-02-08 19:12:19:     at Module._extensions..js (node:internal/modules/cjs/loader:1272:10)
2023-02-08 19:12:19:     at Module.load (node:internal/modules/cjs/loader:1081:32)
2023-02-08 19:12:19:     at Module._load (node:internal/modules/cjs/loader:922:12)
2023-02-08 19:12:19:     at Module.require (node:internal/modules/cjs/loader:1105:19)
2023-02-08 19:12:19:     at Hook._require.Module.require (D:\nodejs\node_global\node_modules\pm2\node_modules\require-in-the-middle\index.js:101:39) {
2023-02-08 19:12:19:   code: 'EADDRINUSE',
2023-02-08 19:12:19:   errno: -4091,
2023-02-08 19:12:19:   syscall: 'listen',
2023-02-08 19:12:19:   address: '::',
2023-02-08 19:12:19:   port: 3000
2023-02-08 19:12:19: }
2023-02-08 19:12:19: Unable to listen on port 3000. The port is already in use.
2023-02-08 19:12:24: Error: listen EADDRINUSE: address already in use :::3000
2023-02-08 19:12:24:     at Server.setupListenHandle [as _listen2] (node:net:1733:16)
2023-02-08 19:12:24:     at listenInCluster (node:net:1781:12)
2023-02-08 19:12:24:     at Server.listen (node:net:1869:7)
2023-02-08 19:12:24:     at Object.<anonymous> (D:\nodejs项目\admin_server\main.js:110:8)
2023-02-08 19:12:24:     at Module._compile (node:internal/modules/cjs/loader:1218:14)
2023-02-08 19:12:24:     at Module._extensions..js (node:internal/modules/cjs/loader:1272:10)
2023-02-08 19:12:24:     at Module.load (node:internal/modules/cjs/loader:1081:32)
2023-02-08 19:12:24:     at Module._load (node:internal/modules/cjs/loader:922:12)
2023-02-08 19:12:24:     at Module.require (node:internal/modules/cjs/loader:1105:19)
2023-02-08 19:12:24:     at Hook._require.Module.require (D:\nodejs\node_global\node_modules\pm2\node_modules\require-in-the-middle\index.js:101:39) {
2023-02-08 19:12:24:   code: 'EADDRINUSE',
2023-02-08 19:12:24:   errno: -4091,
2023-02-08 19:12:24:   syscall: 'listen',
2023-02-08 19:12:24:   address: '::',
2023-02-08 19:12:24:   port: 3000
2023-02-08 19:12:24: }
2023-02-08 19:12:24: Unable to listen on port 3000. The port is already in use.
2023-02-08 19:12:28: Error: listen EADDRINUSE: address already in use :::3000
2023-02-08 19:12:28:     at Server.setupListenHandle [as _listen2] (node:net:1733:16)
2023-02-08 19:12:28:     at listenInCluster (node:net:1781:12)
2023-02-08 19:12:28:     at Server.listen (node:net:1869:7)
2023-02-08 19:12:28:     at Object.<anonymous> (D:\nodejs项目\admin_server\main.js:110:8)
2023-02-08 19:12:28:     at Module._compile (node:internal/modules/cjs/loader:1218:14)
2023-02-08 19:12:28:     at Module._extensions..js (node:internal/modules/cjs/loader:1272:10)
2023-02-08 19:12:28:     at Module.load (node:internal/modules/cjs/loader:1081:32)
2023-02-08 19:12:28:     at Module._load (node:internal/modules/cjs/loader:922:12)
2023-02-08 19:12:28:     at Module.require (node:internal/modules/cjs/loader:1105:19)
2023-02-08 19:12:28:     at Hook._require.Module.require (D:\nodejs\node_global\node_modules\pm2\node_modules\require-in-the-middle\index.js:101:39) {
2023-02-08 19:12:28:   code: 'EADDRINUSE',
2023-02-08 19:12:28:   errno: -4091,
2023-02-08 19:12:28:   syscall: 'listen',
2023-02-08 19:12:28:   address: '::',
2023-02-08 19:12:28:   port: 3000
2023-02-08 19:12:28: }
2023-02-08 19:12:28: Unable to listen on port 3000. The port is already in use.
2023-02-08 19:12:33: Error: listen EADDRINUSE: address already in use :::3000
2023-02-08 19:12:33:     at Server.setupListenHandle [as _listen2] (node:net:1733:16)
2023-02-08 19:12:33:     at listenInCluster (node:net:1781:12)
2023-02-08 19:12:33:     at Server.listen (node:net:1869:7)
2023-02-08 19:12:33:     at Object.<anonymous> (D:\nodejs项目\admin_server\main.js:110:8)
2023-02-08 19:12:33:     at Module._compile (node:internal/modules/cjs/loader:1218:14)
2023-02-08 19:12:33:     at Module._extensions..js (node:internal/modules/cjs/loader:1272:10)
2023-02-08 19:12:33:     at Module.load (node:internal/modules/cjs/loader:1081:32)
2023-02-08 19:12:33:     at Module._load (node:internal/modules/cjs/loader:922:12)
2023-02-08 19:12:33:     at Module.require (node:internal/modules/cjs/loader:1105:19)
2023-02-08 19:12:33:     at Hook._require.Module.require (D:\nodejs\node_global\node_modules\pm2\node_modules\require-in-the-middle\index.js:101:39) {
2023-02-08 19:12:33:   code: 'EADDRINUSE',
2023-02-08 19:12:33:   errno: -4091,
2023-02-08 19:12:33:   syscall: 'listen',
2023-02-08 19:12:33:   address: '::',
2023-02-08 19:12:33:   port: 3000
2023-02-08 19:12:33: }
2023-02-08 19:12:33: Unable to listen on port 3000. The port is already in use.
2023-02-08 19:12:37: Error: listen EADDRINUSE: address already in use :::3000
2023-02-08 19:12:37:     at Server.setupListenHandle [as _listen2] (node:net:1733:16)
2023-02-08 19:12:37:     at listenInCluster (node:net:1781:12)
2023-02-08 19:12:37:     at Server.listen (node:net:1869:7)
2023-02-08 19:12:37:     at Object.<anonymous> (D:\nodejs项目\admin_server\main.js:110:8)
2023-02-08 19:12:37:     at Module._compile (node:internal/modules/cjs/loader:1218:14)
2023-02-08 19:12:37:     at Module._extensions..js (node:internal/modules/cjs/loader:1272:10)
2023-02-08 19:12:37:     at Module.load (node:internal/modules/cjs/loader:1081:32)
2023-02-08 19:12:37:     at Module._load (node:internal/modules/cjs/loader:922:12)
2023-02-08 19:12:37:     at Module.require (node:internal/modules/cjs/loader:1105:19)
2023-02-08 19:12:37:     at Hook._require.Module.require (D:\nodejs\node_global\node_modules\pm2\node_modules\require-in-the-middle\index.js:101:39) {
2023-02-08 19:12:37:   code: 'EADDRINUSE',
2023-02-08 19:12:37:   errno: -4091,
2023-02-08 19:12:37:   syscall: 'listen',
2023-02-08 19:12:37:   address: '::',
2023-02-08 19:12:37:   port: 3000
2023-02-08 19:12:37: }
2023-02-08 19:12:37: Unable to listen on port 3000. The port is already in use.
2023-02-08 19:12:41: Error: listen EADDRINUSE: address already in use :::3000
2023-02-08 19:12:41:     at Server.setupListenHandle [as _listen2] (node:net:1733:16)
2023-02-08 19:12:41:     at listenInCluster (node:net:1781:12)
2023-02-08 19:12:41:     at Server.listen (node:net:1869:7)
2023-02-08 19:12:41:     at Object.<anonymous> (D:\nodejs项目\admin_server\main.js:110:8)
2023-02-08 19:12:41:     at Module._compile (node:internal/modules/cjs/loader:1218:14)
2023-02-08 19:12:41:     at Module._extensions..js (node:internal/modules/cjs/loader:1272:10)
2023-02-08 19:12:41:     at Module.load (node:internal/modules/cjs/loader:1081:32)
2023-02-08 19:12:41:     at Module._load (node:internal/modules/cjs/loader:922:12)
2023-02-08 19:12:41:     at Module.require (node:internal/modules/cjs/loader:1105:19)
2023-02-08 19:12:41:     at Hook._require.Module.require (D:\nodejs\node_global\node_modules\pm2\node_modules\require-in-the-middle\index.js:101:39) {
2023-02-08 19:12:41:   code: 'EADDRINUSE',
2023-02-08 19:12:41:   errno: -4091,
2023-02-08 19:12:41:   syscall: 'listen',
2023-02-08 19:12:41:   address: '::',
2023-02-08 19:12:41:   port: 3000
2023-02-08 19:12:41: }
2023-02-08 19:12:41: Unable to listen on port 3000. The port is already in use.
