2023-02-08 19:11:45: warn: DeprecationWarning: The Parse Server option 'directAccess' default will change to 'true' in a future version. Additionally, the environment variable 'PARSE_SERVER_ENABLE_EXPERIMENTAL_DIRECT_ACCESS' will be deprecated and renamed to 'PARSE_SERVER_DIRECT_ACCESS' in a future version; it is currently possible to use either one.
2023-02-08 19:11:45: warn: DeprecationWarning: The Parse Server option 'enforcePrivateUsers' default will change to 'true' in a future version.
2023-02-08 19:11:45: warn: DeprecationWarning: The Parse Server option 'allowClientClassCreation' default will change to 'false' in a future version.
2023-02-08 19:11:50: warn: DeprecationWarning: The Parse Server option 'directAccess' default will change to 'true' in a future version. Additionally, the environment variable 'PARSE_SERVER_ENABLE_EXPERIMENTAL_DIRECT_ACCESS' will be deprecated and renamed to 'PARSE_SERVER_DIRECT_ACCESS' in a future version; it is currently possible to use either one.
2023-02-08 19:11:50: warn: DeprecationWarning: The Parse Server option 'enforcePrivateUsers' default will change to 'true' in a future version.
2023-02-08 19:11:50: warn: DeprecationWarning: The Parse Server option 'allowClientClassCreation' default will change to 'false' in a future version.
2023-02-08 19:11:54: warn: DeprecationWarning: The Parse Server option 'directAccess' default will change to 'true' in a future version. Additionally, the environment variable 'PARSE_SERVER_ENABLE_EXPERIMENTAL_DIRECT_ACCESS' will be deprecated and renamed to 'PARSE_SERVER_DIRECT_ACCESS' in a future version; it is currently possible to use either one.
2023-02-08 19:11:54: warn: DeprecationWarning: The Parse Server option 'enforcePrivateUsers' default will change to 'true' in a future version.
2023-02-08 19:11:54: warn: DeprecationWarning: The Parse Server option 'allowClientClassCreation' default will change to 'false' in a future version.
2023-02-08 19:11:58: warn: DeprecationWarning: The Parse Server option 'directAccess' default will change to 'true' in a future version. Additionally, the environment variable 'PARSE_SERVER_ENABLE_EXPERIMENTAL_DIRECT_ACCESS' will be deprecated and renamed to 'PARSE_SERVER_DIRECT_ACCESS' in a future version; it is currently possible to use either one.
2023-02-08 19:11:58: warn: DeprecationWarning: The Parse Server option 'enforcePrivateUsers' default will change to 'true' in a future version.
2023-02-08 19:11:58: warn: DeprecationWarning: The Parse Server option 'allowClientClassCreation' default will change to 'false' in a future version.
2023-02-08 19:12:02: warn: DeprecationWarning: The Parse Server option 'directAccess' default will change to 'true' in a future version. Additionally, the environment variable 'PARSE_SERVER_ENABLE_EXPERIMENTAL_DIRECT_ACCESS' will be deprecated and renamed to 'PARSE_SERVER_DIRECT_ACCESS' in a future version; it is currently possible to use either one.
2023-02-08 19:12:02: warn: DeprecationWarning: The Parse Server option 'enforcePrivateUsers' default will change to 'true' in a future version.
2023-02-08 19:12:02: warn: DeprecationWarning: The Parse Server option 'allowClientClassCreation' default will change to 'false' in a future version.
2023-02-08 19:12:07: warn: DeprecationWarning: The Parse Server option 'directAccess' default will change to 'true' in a future version. Additionally, the environment variable 'PARSE_SERVER_ENABLE_EXPERIMENTAL_DIRECT_ACCESS' will be deprecated and renamed to 'PARSE_SERVER_DIRECT_ACCESS' in a future version; it is currently possible to use either one.
2023-02-08 19:12:07: warn: DeprecationWarning: The Parse Server option 'enforcePrivateUsers' default will change to 'true' in a future version.
2023-02-08 19:12:07: warn: DeprecationWarning: The Parse Server option 'allowClientClassCreation' default will change to 'false' in a future version.
2023-02-08 19:12:11: warn: DeprecationWarning: The Parse Server option 'directAccess' default will change to 'true' in a future version. Additionally, the environment variable 'PARSE_SERVER_ENABLE_EXPERIMENTAL_DIRECT_ACCESS' will be deprecated and renamed to 'PARSE_SERVER_DIRECT_ACCESS' in a future version; it is currently possible to use either one.
2023-02-08 19:12:11: warn: DeprecationWarning: The Parse Server option 'enforcePrivateUsers' default will change to 'true' in a future version.
2023-02-08 19:12:11: warn: DeprecationWarning: The Parse Server option 'allowClientClassCreation' default will change to 'false' in a future version.
2023-02-08 19:12:15: warn: DeprecationWarning: The Parse Server option 'directAccess' default will change to 'true' in a future version. Additionally, the environment variable 'PARSE_SERVER_ENABLE_EXPERIMENTAL_DIRECT_ACCESS' will be deprecated and renamed to 'PARSE_SERVER_DIRECT_ACCESS' in a future version; it is currently possible to use either one.
2023-02-08 19:12:15: warn: DeprecationWarning: The Parse Server option 'enforcePrivateUsers' default will change to 'true' in a future version.
2023-02-08 19:12:15: warn: DeprecationWarning: The Parse Server option 'allowClientClassCreation' default will change to 'false' in a future version.
2023-02-08 19:12:19: warn: DeprecationWarning: The Parse Server option 'directAccess' default will change to 'true' in a future version. Additionally, the environment variable 'PARSE_SERVER_ENABLE_EXPERIMENTAL_DIRECT_ACCESS' will be deprecated and renamed to 'PARSE_SERVER_DIRECT_ACCESS' in a future version; it is currently possible to use either one.
2023-02-08 19:12:19: warn: DeprecationWarning: The Parse Server option 'enforcePrivateUsers' default will change to 'true' in a future version.
2023-02-08 19:12:19: warn: DeprecationWarning: The Parse Server option 'allowClientClassCreation' default will change to 'false' in a future version.
2023-02-08 19:12:24: warn: DeprecationWarning: The Parse Server option 'directAccess' default will change to 'true' in a future version. Additionally, the environment variable 'PARSE_SERVER_ENABLE_EXPERIMENTAL_DIRECT_ACCESS' will be deprecated and renamed to 'PARSE_SERVER_DIRECT_ACCESS' in a future version; it is currently possible to use either one.
2023-02-08 19:12:24: warn: DeprecationWarning: The Parse Server option 'enforcePrivateUsers' default will change to 'true' in a future version.
2023-02-08 19:12:24: warn: DeprecationWarning: The Parse Server option 'allowClientClassCreation' default will change to 'false' in a future version.
2023-02-08 19:12:28: warn: DeprecationWarning: The Parse Server option 'directAccess' default will change to 'true' in a future version. Additionally, the environment variable 'PARSE_SERVER_ENABLE_EXPERIMENTAL_DIRECT_ACCESS' will be deprecated and renamed to 'PARSE_SERVER_DIRECT_ACCESS' in a future version; it is currently possible to use either one.
2023-02-08 19:12:28: warn: DeprecationWarning: The Parse Server option 'enforcePrivateUsers' default will change to 'true' in a future version.
2023-02-08 19:12:28: warn: DeprecationWarning: The Parse Server option 'allowClientClassCreation' default will change to 'false' in a future version.
2023-02-08 19:12:32: warn: DeprecationWarning: The Parse Server option 'directAccess' default will change to 'true' in a future version. Additionally, the environment variable 'PARSE_SERVER_ENABLE_EXPERIMENTAL_DIRECT_ACCESS' will be deprecated and renamed to 'PARSE_SERVER_DIRECT_ACCESS' in a future version; it is currently possible to use either one.
2023-02-08 19:12:32: warn: DeprecationWarning: The Parse Server option 'enforcePrivateUsers' default will change to 'true' in a future version.
2023-02-08 19:12:32: warn: DeprecationWarning: The Parse Server option 'allowClientClassCreation' default will change to 'false' in a future version.
2023-02-08 19:12:37: warn: DeprecationWarning: The Parse Server option 'directAccess' default will change to 'true' in a future version. Additionally, the environment variable 'PARSE_SERVER_ENABLE_EXPERIMENTAL_DIRECT_ACCESS' will be deprecated and renamed to 'PARSE_SERVER_DIRECT_ACCESS' in a future version; it is currently possible to use either one.
2023-02-08 19:12:37: warn: DeprecationWarning: The Parse Server option 'enforcePrivateUsers' default will change to 'true' in a future version.
2023-02-08 19:12:37: warn: DeprecationWarning: The Parse Server option 'allowClientClassCreation' default will change to 'false' in a future version.
2023-02-08 19:12:41: warn: DeprecationWarning: The Parse Server option 'directAccess' default will change to 'true' in a future version. Additionally, the environment variable 'PARSE_SERVER_ENABLE_EXPERIMENTAL_DIRECT_ACCESS' will be deprecated and renamed to 'PARSE_SERVER_DIRECT_ACCESS' in a future version; it is currently possible to use either one.
2023-02-08 19:12:41: warn: DeprecationWarning: The Parse Server option 'enforcePrivateUsers' default will change to 'true' in a future version.
2023-02-08 19:12:41: warn: DeprecationWarning: The Parse Server option 'allowClientClassCreation' default will change to 'false' in a future version.
2023-02-08 19:13:19: warn: DeprecationWarning: The Parse Server option 'directAccess' default will change to 'true' in a future version. Additionally, the environment variable 'PARSE_SERVER_ENABLE_EXPERIMENTAL_DIRECT_ACCESS' will be deprecated and renamed to 'PARSE_SERVER_DIRECT_ACCESS' in a future version; it is currently possible to use either one.
2023-02-08 19:13:19: warn: DeprecationWarning: The Parse Server option 'enforcePrivateUsers' default will change to 'true' in a future version.
2023-02-08 19:13:19: warn: DeprecationWarning: The Parse Server option 'allowClientClassCreation' default will change to 'false' in a future version.
2023-02-08 19:13:19: 数据库连接成功
2023-02-08 19:13:19: 服务启动成功 http://localhost:3000
2023-02-08 19:13:19: Current Service Version: undefined
2023-02-08 19:13:19: 请求路径：/parse/health  耗时：5ms
2023-02-08 19:14:06: warn: DeprecationWarning: The Parse Server option 'directAccess' default will change to 'true' in a future version. Additionally, the environment variable 'PARSE_SERVER_ENABLE_EXPERIMENTAL_DIRECT_ACCESS' will be deprecated and renamed to 'PARSE_SERVER_DIRECT_ACCESS' in a future version; it is currently possible to use either one.
2023-02-08 19:14:06: warn: DeprecationWarning: The Parse Server option 'enforcePrivateUsers' default will change to 'true' in a future version.
2023-02-08 19:14:06: warn: DeprecationWarning: The Parse Server option 'allowClientClassCreation' default will change to 'false' in a future version.
2023-02-08 19:14:06: production
2023-02-08 19:14:06: 数据库连接成功
2023-02-08 19:14:06: 服务启动成功 http://localhost:3000
2023-02-08 19:14:06: Current Service Version: undefined
2023-02-08 19:14:06: 请求路径：/parse/health  耗时：4ms
